# JRE version: Java(TM) SE Runtime Environment (20.0.1+9) (build 20.0.1+9-29)
# Java VM: Java HotSpot(TM) 64-Bit Server VM (20.0.1+9-29, mixed mode, emulated-client, sharing, tiered, compressed oops, compressed class ptrs, g1 gc, windows-amd64)
GC Precious Log:
 CardTable entry size: 512
 Card Set container configuration: InlinePtr #cards 5 size 8 Array Of Cards #cards 12 size 40 Howl #buckets 4 coarsen threshold 1843 Howl Bitmap #cards 512 size 80 coarsen threshold 460 Card regions per heap region 1 cards per card region 2048
 CPUs: 4 total, 4 available
 Memory: 3879M
 Large Page Support: Disabled
 NUMA Support: Disabled
 Compressed Oops: Enabled (32-bit)
 Heap Region Size: 1M
 Heap Min Capacity: 8M
 Heap Initial Capacity: 62M
 Heap Max Capacity: 970M
 Pre-touch: Disabled
 Parallel Workers: 4
 Concurrent Workers: 1
 Concurrent Refinement Workers: 4
 Periodic GC: Disabled
Heap:
 garbage-first heap   total 51200K, used 26992K [0x00000000c3600000, 0x0000000100000000)
  region size 1024K, 13 young (13312K), 3 survivors (3072K)
 Metaspace       used 38159K, committed 38720K, reserved 1114112K
  class space    used 5319K, committed 5568K, reserved 1048576K
GC Heap History (16 events):
Event: 1.033 GC heap before
{Heap before GC invocations=0 (full 0):
 garbage-first heap   total 63488K, used 13312K [0x00000000c3600000, 0x0000000100000000)
  region size 1024K, 13 young (13312K), 0 survivors (0K)
 Metaspace       used 4532K, committed 4736K, reserved 1114112K
  class space    used 543K, committed 640K, reserved 1048576K
}
Event: 1.038 GC heap after
{Heap after GC invocations=1 (full 0):
 garbage-first heap   total 63488K, used 5903K [0x00000000c3600000, 0x0000000100000000)
  region size 1024K, 2 young (2048K), 2 survivors (2048K)
 Metaspace       used 4532K, committed 4736K, reserved 1114112K
  class space    used 543K, committed 640K, reserved 1048576K
}
Event: 1.649 GC heap before
{Heap before GC invocations=1 (full 0):
 garbage-first heap   total 63488K, used 18191K [0x00000000c3600000, 0x0000000100000000)
  region size 1024K, 14 young (14336K), 2 survivors (2048K)
 Metaspace       used 8374K, committed 8640K, reserved 1114112K
  class space    used 1049K, committed 1216K, reserved 1048576K
}
Event: 1.653 GC heap after
{Heap after GC invocations=2 (full 0):
 garbage-first heap   total 63488K, used 7612K [0x00000000c3600000, 0x0000000100000000)
  region size 1024K, 2 young (2048K), 2 survivors (2048K)
 Metaspace       used 8374K, committed 8640K, reserved 1114112K
  class space    used 1049K, committed 1216K, reserved 1048576K
}
Event: 2.192 GC heap before
{Heap before GC invocations=2 (full 0):
 garbage-first heap   total 63488K, used 32188K [0x00000000c3600000, 0x0000000100000000)
  region size 1024K, 27 young (27648K), 2 survivors (2048K)
 Metaspace       used 14320K, committed 14592K, reserved 1114112K
  class space    used 1850K, committed 1984K, reserved 1048576K
}
Event: 2.196 GC heap after
{Heap after GC invocations=3 (full 0):
 garbage-first heap   total 63488K, used 10104K [0x00000000c3600000, 0x0000000100000000)
  region size 1024K, 4 young (4096K), 4 survivors (4096K)
 Metaspace       used 14320K, committed 14592K, reserved 1114112K
  class space    used 1850K, committed 1984K, reserved 1048576K
}
Event: 2.865 GC heap before
{Heap before GC invocations=3 (full 0):
 garbage-first heap   total 63488K, used 43896K [0x00000000c3600000, 0x0000000100000000)
  region size 1024K, 37 young (37888K), 4 survivors (4096K)
 Metaspace       used 19800K, committed 20160K, reserved 1114112K
  class space    used 2576K, committed 2752K, reserved 1048576K
}
Event: 2.873 GC heap after
{Heap after GC invocations=4 (full 0):
 garbage-first heap   total 63488K, used 13003K [0x00000000c3600000, 0x0000000100000000)
  region size 1024K, 5 young (5120K), 5 survivors (5120K)
 Metaspace       used 19800K, committed 20160K, reserved 1114112K
  class space    used 2576K, committed 2752K, reserved 1048576K
}
Event: 3.144 GC heap before
{Heap before GC invocations=4 (full 0):
 garbage-first heap   total 63488K, used 21195K [0x00000000c3600000, 0x0000000100000000)
  region size 1024K, 14 young (14336K), 5 survivors (5120K)
 Metaspace       used 21191K, committed 21504K, reserved 1114112K
  class space    used 2769K, committed 2944K, reserved 1048576K
}
Event: 3.152 GC heap after
{Heap after GC invocations=5 (full 0):
 garbage-first heap   total 63488K, used 13674K [0x00000000c3600000, 0x0000000100000000)
  region size 1024K, 1 young (1024K), 1 survivors (1024K)
 Metaspace       used 21191K, committed 21504K, reserved 1114112K
  class space    used 2769K, committed 2944K, reserved 1048576K
}
Event: 5.088 GC heap before
{Heap before GC invocations=6 (full 0):
 garbage-first heap   total 51200K, used 43370K [0x00000000c3600000, 0x0000000100000000)
  region size 1024K, 30 young (30720K), 1 survivors (1024K)
 Metaspace       used 26092K, committed 26624K, reserved 1114112K
  class space    used 3523K, committed 3776K, reserved 1048576K
}
Event: 5.096 GC heap after
{Heap after GC invocations=7 (full 0):
 garbage-first heap   total 51200K, used 16501K [0x00000000c3600000, 0x0000000100000000)
  region size 1024K, 4 young (4096K), 4 survivors (4096K)
 Metaspace       used 26092K, committed 26624K, reserved 1114112K
  class space    used 3523K, committed 3776K, reserved 1048576K
}
Event: 5.950 GC heap before
{Heap before GC invocations=7 (full 0):
 garbage-first heap   total 51200K, used 39029K [0x00000000c3600000, 0x0000000100000000)
  region size 1024K, 27 young (27648K), 4 survivors (4096K)
 Metaspace       used 30617K, committed 31168K, reserved 1114112K
  class space    used 4141K, committed 4416K, reserved 1048576K
}
Event: 5.956 GC heap after
{Heap after GC invocations=8 (full 0):
 garbage-first heap   total 51200K, used 17979K [0x00000000c3600000, 0x0000000100000000)
  region size 1024K, 2 young (2048K), 2 survivors (2048K)
 Metaspace       used 30617K, committed 31168K, reserved 1114112K
  class space    used 4141K, committed 4416K, reserved 1048576K
}
Event: 6.447 GC heap before
{Heap before GC invocations=8 (full 0):
 garbage-first heap   total 51200K, used 34363K [0x00000000c3600000, 0x0000000100000000)
  region size 1024K, 20 young (20480K), 2 survivors (2048K)
 Metaspace       used 35451K, committed 35968K, reserved 1114112K
  class space    used 4936K, committed 5184K, reserved 1048576K
}
Event: 6.452 GC heap after
{Heap after GC invocations=9 (full 0):
 garbage-first heap   total 51200K, used 18800K [0x00000000c3600000, 0x0000000100000000)
  region size 1024K, 3 young (3072K), 3 survivors (3072K)
 Metaspace       used 35451K, committed 35968K, reserved 1114112K
  class space    used 4936K, committed 5184K, reserved 1048576K
}

